<?xml version="1.0" encoding="UTF-8"?>
<!-- Generated by org.testng.reporters.JUnitReportReporter -->
<testsuite hostname="BINTERNS-QA35L" failures="0" tests="40" name="testmethod.Pharmeasy_footer1" time="92.475" errors="0" timestamp="2023-06-13T10:28:44 IST" skipped="2">
  <testcase classname="testmethod.Pharmeasy_footer1" name="Featured_categories" time="0.053"/>
  <system-out/>
  <testcase classname="testmethod.Pharmeasy_footer1" name="Topproducts" time="1.971"/>
  <system-out/>
  <testcase classname="testmethod.Pharmeasy_footer1" name="Homet" time="2.200"/>
  <system-out/>
  <testcase classname="testmethod.Pharmeasy_footer1" name="Megasale" time="3.684"/>
  <system-out/>
  <testcase classname="testmethod.Pharmeasy_footer1" name="Healthfood" time="4.208"/>
  <system-out/>
  <testcase classname="testmethod.Pharmeasy_footer1" name="Homecare" time="5.175"/>
  <system-out/>
  <testcase classname="testmethod.Pharmeasy_footer1" name="Mothercare" time="3.959"/>
  <system-out/>
  <testcase classname="testmethod.Pharmeasy_footer1" name="Diabeticcare" time="4.072"/>
  <system-out/>
  <testcase classname="testmethod.Pharmeasy_footer1" name="Accessories" time="4.635"/>
  <system-out/>
  <testcase classname="testmethod.Pharmeasy_footer1" name="Ayurvediccare" time="3.893"/>
  <system-out/>
  <testcase classname="testmethod.Pharmeasy_footer1" name="Elderlycare" time="7.101"/>
  <system-out/>
  <testcase classname="testmethod.Pharmeasy_footer1" name="Need_help" time="0.068"/>
  <system-out/>
  <testcase classname="testmethod.Pharmeasy_footer1" name="Browseall_medicine" time="1.735"/>
  <system-out/>
  <testcase classname="testmethod.Pharmeasy_footer1" name="Browseall_medicineB" time="2.171"/>
  <system-out/>
  <testcase classname="testmethod.Pharmeasy_footer1" name="Browseall_medicineC" time="2.130"/>
  <system-out/>
  <testcase classname="testmethod.Pharmeasy_footer1" name="Browseall_medicineK" time="2.112"/>
  <system-out/>
  <testcase classname="testmethod.Pharmeasy_footer1" name="Browseall_medicineR" time="2.125"/>
  <system-out/>
  <testcase classname="testmethod.Pharmeasy_footer1" name="Browseall_medicineX" time="2.093"/>
  <system-out/>
  <testcase classname="testmethod.Pharmeasy_footer1" name="Browseall_medicineLast" time="2.097"/>
  <system-out/>
  <testcase classname="testmethod.Pharmeasy_footer1" name="Browseall_molecules" time="2.003"/>
  <system-out/>
  <testcase classname="testmethod.Pharmeasy_footer1" name="Browseall_moleculesE" time="2.173"/>
  <system-out/>
  <testcase classname="testmethod.Pharmeasy_footer1" name="Browseall_moleculesH" time="2.121"/>
  <system-out/>
  <testcase classname="testmethod.Pharmeasy_footer1" name="Browseall_moleculesM" time="2.135"/>
  <system-out/>
  <testcase classname="testmethod.Pharmeasy_footer1" name="Browseall_moleculesS" time="2.114"/>
  <system-out/>
  <testcase classname="testmethod.Pharmeasy_footer1" name="Browseall_cities" time="1.499"/>
  <system-out/>
  <testcase classname="testmethod.Pharmeasy_footer1" name="Mumbai" time="2.282"/>
  <system-out/>
  <testcase classname="testmethod.Pharmeasy_footer1" name="Delhi" time="2.289"/>
  <system-out/>
  <testcase classname="testmethod.Pharmeasy_footer1" name="Chennai" time="2.266"/>
  <system-out/>
  <testcase classname="testmethod.Pharmeasy_footer1" name="Nagpur" time="2.283"/>
  <system-out/>
  <testcase classname="testmethod.Pharmeasy_footer1" name="Browseall_stories" time="2.136"/>
  <system-out/>
  <testcase classname="testmethod.Pharmeasy_footer1" name="Store_near" time="2.800"/>
  <system-out/>
  <testcase classname="testmethod.Pharmeasy_footer1" name="Policy_info" time="0.056"/>
  <system-out/>
  <testcase classname="testmethod.Pharmeasy_footer1" name="Editorial_policy" time="4.370"/>
  <system-out/>
  <testcase classname="testmethod.Pharmeasy_footer1" name="Editorial_policydata" time="1.070"/>
  <system-out/>
  <testcase classname="testmethod.Pharmeasy_footer1" name="Editorial_policyframework" time="1.062"/>
  <system-out/>
  <testcase classname="testmethod.Pharmeasy_footer1" name="Privacy_policy" time="1.158"/>
  <system-out/>
  <testcase classname="testmethod.Pharmeasy_footer1" name="Privacy_policyterms" time="1.086"/>
  <system-out/>
  <testcase classname="testmethod.Pharmeasy_footer1" name="Pharmeasy_move" time="2.090"/>
  <system-out/>
  <testcase classname="testmethod.Pharmeasy_footer1" name="View_map">
    <skipped/>
  </testcase> <!-- View_map -->
  <system-out/>
  <testcase classname="testmethod.Pharmeasy_footer1" name="Filter_city">
    <skipped/>
  </testcase> <!-- Filter_city -->
  <system-out/>
</testsuite> <!-- testmethod.Pharmeasy_footer1 -->
