<?xml version="1.0" encoding="UTF-8"?>
<!-- Generated by org.testng.reporters.JUnitReportReporter -->
<testsuite hostname="BINTERNS-QA35L" failures="0" tests="6" name="testmethod.Pharmeasy_signin" time="35.742" errors="0" timestamp="2023-05-24T10:56:16 IST" skipped="0">
  <testcase classname="testmethod.Pharmeasy_signin" name="Sign_in" time="0.198"/>
  <system-out/>
  <testcase classname="testmethod.Pharmeasy_signin" name="Mobile" time="0.071"/>
  <system-out/>
  <testcase classname="testmethod.Pharmeasy_signin" name="OTP" time="20.065"/>
  <system-out/>
  <testcase classname="testmethod.Pharmeasy_signin" name="Continue" time="5.127"/>
  <system-out/>
  <testcase classname="testmethod.Pharmeasy_signin" name="User" time="8.254"/>
  <system-out/>
  <testcase classname="testmethod.Pharmeasy_signin" name="Logout" time="2.027"/>
  <system-out/>
</testsuite> <!-- testmethod.Pharmeasy_signin -->
