<?xml version="1.0" encoding="UTF-8"?>
<!-- Generated by org.testng.reporters.JUnitReportReporter -->
<testsuite hostname="BINTERNS-QA35L" failures="0" tests="9" name="testmethod.Pharmeasy_footer" time="16.775" errors="0" timestamp="2023-05-24T17:59:09 IST" skipped="0">
  <testcase classname="testmethod.Pharmeasy_footer" name="Company" time="0.241"/>
  <system-out/>
  <testcase classname="testmethod.Pharmeasy_footer" name="About_us" time="6.189"/>
  <system-out/>
  <testcase classname="testmethod.Pharmeasy_footer" name="Order_medicine" time="1.226"/>
  <system-out/>
  <testcase classname="testmethod.Pharmeasy_footer" name="Book_diagnostic" time="1.223"/>
  <system-out/>
  <testcase classname="testmethod.Pharmeasy_footer" name="Authoriative" time="2.001"/>
  <system-out/>
  <testcase classname="testmethod.Pharmeasy_footer" name="Core_value" time="1.311"/>
  <system-out/>
  <testcase classname="testmethod.Pharmeasy_footer" name="Blogs" time="1.262"/>
  <system-out/>
  <testcase classname="testmethod.Pharmeasy_footer" name="Data_Core_value" time="1.218"/>
  <system-out/>
  <testcase classname="testmethod.Pharmeasy_footer" name="Carrer" time="2.104"/>
  <system-out/>
</testsuite> <!-- testmethod.Pharmeasy_footer -->
