<?xml version="1.0" encoding="UTF-8"?>
<!-- Generated by org.testng.reporters.JUnitReportReporter -->
<testsuite hostname="BINTERNS-QA35L" failures="0" tests="23" name="testmethod.Pharmeasy_healthcare" time="42.920" errors="0" timestamp="2023-06-13T10:26:15 IST" skipped="0">
  <testcase classname="testmethod.Pharmeasy_healthcare" name="Healthcare" time="1.891"/>
  <system-out/>
  <testcase classname="testmethod.Pharmeasy_healthcare" name="Top_products" time="3.433"/>
  <system-out/>
  <testcase classname="testmethod.Pharmeasy_healthcare" name="Diabetic" time="1.091"/>
  <system-out/>
  <testcase classname="testmethod.Pharmeasy_healthcare" name="Ever_herb" time="1.086"/>
  <system-out/>
  <testcase classname="testmethod.Pharmeasy_healthcare" name="Pharm_easyhealthcare" time="1.087"/>
  <system-out/>
  <testcase classname="testmethod.Pharmeasy_healthcare" name="Popularity_healthcare" time="4.177"/>
  <system-out/>
  <testcase classname="testmethod.Pharmeasy_healthcare" name="Allcategories_healthcare" time="1.244"/>
  <system-out/>
  <testcase classname="testmethod.Pharmeasy_healthcare" name="Mostloved_healthcare" time="1.890"/>
  <system-out/>
  <testcase classname="testmethod.Pharmeasy_healthcare" name="Mostlovedpopularity_Healthcare_module" time="4.187"/>
  <system-out/>
  <testcase classname="testmethod.Pharmeasy_healthcare" name="All_categoriesback_Healthcare_module" time="1.200"/>
  <system-out/>
  <testcase classname="testmethod.Pharmeasy_healthcare" name="Personalcare_Healthcare_module" time="1.625"/>
  <system-out/>
  <testcase classname="testmethod.Pharmeasy_healthcare" name="Appliacnes_Personalcare_Healthcare_module" time="3.114"/>
  <system-out/>
  <testcase classname="testmethod.Pharmeasy_healthcare" name="Oralcare_Personalcare_Healthcare_module" time="1.087"/>
  <system-out/>
  <testcase classname="testmethod.Pharmeasy_healthcare" name="Brand_Personalcare_Healthcare_module" time="1.089"/>
  <system-out/>
  <testcase classname="testmethod.Pharmeasy_healthcare" name="Popularitypc_Healthcare_module" time="4.139"/>
  <system-out/>
  <testcase classname="testmethod.Pharmeasy_healthcare" name="All_categoriesReback_Healthcare_module" time="1.205"/>
  <system-out/>
  <testcase classname="testmethod.Pharmeasy_healthcare" name="Fitness_Healthcare_module" time="2.805"/>
  <system-out/>
  <testcase classname="testmethod.Pharmeasy_healthcare" name="Viewmore_Healthcare_module" time="1.084"/>
  <system-out/>
  <testcase classname="testmethod.Pharmeasy_healthcare" name="Specialitysupplements_Healthcare_module" time="1.082"/>
  <system-out/>
  <testcase classname="testmethod.Pharmeasy_healthcare" name="Apply_Healthcare_module" time="1.097"/>
  <system-out/>
  <testcase classname="testmethod.Pharmeasy_healthcare" name="Brand_fitness" time="1.117"/>
  <system-out/>
  <testcase classname="testmethod.Pharmeasy_healthcare" name="BrandBon_fitness" time="1.083"/>
  <system-out/>
  <testcase classname="testmethod.Pharmeasy_healthcare" name="Apply_fitness" time="1.107"/>
  <system-out/>
</testsuite> <!-- testmethod.Pharmeasy_healthcare -->
