<?xml version="1.0" encoding="UTF-8"?>
<!-- Generated by org.testng.reporters.JUnitReportReporter -->
<testsuite hostname="BINTERNS-QA35L" failures="0" tests="14" name="testmethod.Pharmeasy_plusmodule" time="46.082" errors="0" timestamp="2023-06-13T10:33:47 IST" skipped="0">
  <testcase classname="testmethod.Pharmeasy_plusmodule" name="Plus" time="4.739"/>
  <system-out/>
  <testcase classname="testmethod.Pharmeasy_plusmodule" name="Logo" time="0.041"/>
  <system-out/>
  <testcase classname="testmethod.Pharmeasy_plusmodule" name="Exclusive" time="1.054"/>
  <system-out/>
  <testcase classname="testmethod.Pharmeasy_plusmodule" name="Coupon" time="1.104"/>
  <system-out/>
  <testcase classname="testmethod.Pharmeasy_plusmodule" name="Login" time="21.287"/>
  <system-out/>
  <testcase classname="testmethod.Pharmeasy_plusmodule" name="Plan" time="1.037"/>
  <system-out/>
  <testcase classname="testmethod.Pharmeasy_plusmodule" name="Plan_membership" time="1.047"/>
  <system-out/>
  <testcase classname="testmethod.Pharmeasy_plusmodule" name="Add_cart" time="2.661"/>
  <system-out/>
  <testcase classname="testmethod.Pharmeasy_plusmodule" name="Plus_reback" time="4.223"/>
  <system-out/>
  <testcase classname="testmethod.Pharmeasy_plusmodule" name="Spending" time="0.031"/>
  <system-out/>
  <testcase classname="testmethod.Pharmeasy_plusmodule" name="Sure" time="1.051"/>
  <system-out/>
  <testcase classname="testmethod.Pharmeasy_plusmodule" name="User" time="1.567"/>
  <system-out/>
  <testcase classname="testmethod.Pharmeasy_plusmodule" name="Wallet" time="5.123"/>
  <system-out/>
  <testcase classname="testmethod.Pharmeasy_plusmodule" name="Work" time="1.117"/>
  <system-out/>
</testsuite> <!-- testmethod.Pharmeasy_plusmodule -->
