<?xml version="1.0" encoding="UTF-8"?>
<!-- Generated by org.testng.reporters.JUnitReportReporter -->
<testsuite hostname="BINTERNS-QA35L" failures="0" tests="10" name="testmethod.Pharmeasy_valuestore" time="16.760" errors="0" timestamp="2023-06-13T10:35:29 IST" skipped="0">
  <testcase classname="testmethod.Pharmeasy_valuestore" name="ValueStore" time="2.233"/>
  <system-out/>
  <testcase classname="testmethod.Pharmeasy_valuestore" name="Brand" time="2.173"/>
  <system-out/>
  <testcase classname="testmethod.Pharmeasy_valuestore" name="Brand_Everherb" time="1.109"/>
  <system-out/>
  <testcase classname="testmethod.Pharmeasy_valuestore" name="Price" time="2.181"/>
  <system-out/>
  <testcase classname="testmethod.Pharmeasy_valuestore" name="Clear_all" time="1.109"/>
  <system-out/>
  <testcase classname="testmethod.Pharmeasy_valuestore" name="Popularity" time="1.207"/>
  <system-out/>
  <testcase classname="testmethod.Pharmeasy_valuestore" name="Giloy" time="2.410"/>
  <system-out/>
  <testcase classname="testmethod.Pharmeasy_valuestore" name="Aloe_vera" time="1.052"/>
  <system-out/>
  <testcase classname="testmethod.Pharmeasy_valuestore" name="Offers" time="1.114"/>
  <system-out/>
  <testcase classname="testmethod.Pharmeasy_valuestore" name="Description" time="2.172"/>
  <system-out/>
</testsuite> <!-- testmethod.Pharmeasy_valuestore -->
